<?xml version="1.0" encoding="utf-8"?>
<?AutomationStudio Version="4.9.3.144 SP"?>
<Objects>
  <Object
    Path="D:\Studia\VI\Myjnia\Myjnia\Logical\Package.pkg"
    LogicalPath=""
    Type="Package.ParentUnknown"
    LastWriteTime="132670220500000000" />
  <Object
    Path="D:\Studia\VI\Myjnia\Myjnia\Logical\Global.typ"
    LogicalPath="Global.typ"
    Type="File"
    LastWriteTime="132660045000000000"
    Private="false" />
  <Object
    Path="D:\Studia\VI\Myjnia\Myjnia\Logical\Global.var"
    LogicalPath="Global.var"
    Type="File"
    LastWriteTime="132660045000000000"
    Private="false" />
  <Object
    Path="D:\Studia\VI\Myjnia\Myjnia\Logical\Libraries\Package.pkg"
    LogicalPath="Libraries"
    Type="Package"
    LastWriteTime="132660045060000000" />
  <Object
    Path="D:\Studia\VI\Myjnia\Myjnia\Logical\Libraries\operator\binary.lby"
    LogicalPath="Libraries.operator"
    Type="Library"
    LastWriteTime="132660045020000000" />
  <Object
    Path="D:\Studia\VI\Myjnia\Myjnia\Logical\Libraries\operator\operator.fun"
    LogicalPath="Libraries.operator.operator.fun"
    Type="File"
    LastWriteTime="132660045020000000"
    Private="false" />
  <Object
    Path="D:\Studia\VI\Myjnia\Myjnia\Logical\Libraries\operator\operator.typ"
    LogicalPath="Libraries.operator.operator.typ"
    Type="File"
    LastWriteTime="132660045020000000"
    Private="false" />
  <Object
    Path="D:\Studia\VI\Myjnia\Myjnia\Logical\Libraries\operator\operator.var"
    LogicalPath="Libraries.operator.operator.var"
    Type="File"
    LastWriteTime="132660045020000000"
    Private="false" />
  <Object
    Path="D:\Studia\VI\Myjnia\Myjnia\Logical\Libraries\runtime\binary.lby"
    LogicalPath="Libraries.runtime"
    Type="Library"
    LastWriteTime="132660045020000000" />
  <Object
    Path="D:\Studia\VI\Myjnia\Myjnia\Logical\Libraries\runtime\runtime.fun"
    LogicalPath="Libraries.runtime.runtime.fun"
    Type="File"
    LastWriteTime="132660045020000000"
    Private="false" />
  <Object
    Path="D:\Studia\VI\Myjnia\Myjnia\Logical\Libraries\runtime\runtime.typ"
    LogicalPath="Libraries.runtime.runtime.typ"
    Type="File"
    LastWriteTime="132660045020000000"
    Private="false" />
  <Object
    Path="D:\Studia\VI\Myjnia\Myjnia\Logical\Libraries\runtime\runtime.var"
    LogicalPath="Libraries.runtime.runtime.var"
    Type="File"
    LastWriteTime="132660045020000000"
    Private="false" />
  <Object
    Path="D:\Studia\VI\Myjnia\Myjnia\Logical\Libraries\astime\binary.lby"
    LogicalPath="Libraries.astime"
    Type="Library"
    LastWriteTime="132660045040000000" />
  <Object
    Path="D:\Studia\VI\Myjnia\Myjnia\Logical\Libraries\astime\astime.fun"
    LogicalPath="Libraries.astime.astime.fun"
    Type="File"
    LastWriteTime="132660045040000000"
    Private="false" />
  <Object
    Path="D:\Studia\VI\Myjnia\Myjnia\Logical\Libraries\astime\astime.typ"
    LogicalPath="Libraries.astime.astime.typ"
    Type="File"
    LastWriteTime="132660045040000000"
    Private="false" />
  <Object
    Path="D:\Studia\VI\Myjnia\Myjnia\Logical\Libraries\astime\astime.var"
    LogicalPath="Libraries.astime.astime.var"
    Type="File"
    LastWriteTime="132660045040000000"
    Private="false" />
  <Object
    Path="D:\Studia\VI\Myjnia\Myjnia\Logical\Libraries\AsIecCon\binary.lby"
    LogicalPath="Libraries.AsIecCon"
    Type="Library"
    LastWriteTime="132660045060000000" />
  <Object
    Path="D:\Studia\VI\Myjnia\Myjnia\Logical\Libraries\AsIecCon\AsIecCon.fun"
    LogicalPath="Libraries.AsIecCon.AsIecCon.fun"
    Type="File"
    LastWriteTime="132660045060000000"
    Private="false" />
  <Object
    Path="D:\Studia\VI\Myjnia\Myjnia\Logical\Libraries\AsIecCon\AsIecCon.typ"
    LogicalPath="Libraries.AsIecCon.AsIecCon.typ"
    Type="File"
    LastWriteTime="132660045060000000"
    Private="false" />
  <Object
    Path="D:\Studia\VI\Myjnia\Myjnia\Logical\Libraries\AsIecCon\AsIecCon.var"
    LogicalPath="Libraries.AsIecCon.AsIecCon.var"
    Type="File"
    LastWriteTime="132660045060000000"
    Private="false" />
  <Object
    Path="D:\Studia\VI\Myjnia\Myjnia\Logical\Visu\Vc.dob"
    LogicalPath="Visu"
    Type="DataObject"
    LastWriteTime="132670127160000000" />
  <Object
    Path="D:\Studia\VI\Myjnia\Myjnia\Logical\Visu\VCObject.vc"
    LogicalPath="Visu.VCObject.vc"
    Type="File"
    LastWriteTime="132670127160000000"
    Private="false" />
  <Object
    Path="D:\Studia\VI\Myjnia\Myjnia\Logical\Images\Package.pkg"
    LogicalPath="Images"
    Type="Package"
    LastWriteTime="132670220500000000" />
  <Object
    Path="D:\Studia\VI\Myjnia\Myjnia\Physical\Config1\Config.pkg"
    LogicalPath="Config1"
    Type="Configuration.ParentUnknown"
    LastWriteTime="132660045260000000" />
  <Object
    Path="D:\Studia\VI\Myjnia\Myjnia\Physical\Config1\Hardware.hw"
    LogicalPath="Config1.Hardware.hw"
    Type="File"
    LastWriteTime="132670502880000000"
    Private="false" />
  <Object
    Path="D:\Studia\VI\Myjnia\Myjnia\Physical\Config1\Hardware.hwl"
    LogicalPath="Config1.Hardware.hwl"
    Type="File"
    LastWriteTime="132670220520000000"
    Private="false" />
  <Object
    Path="D:\Studia\VI\Myjnia\Myjnia\Physical\Config1\X20CP1382\Cpu.pkg"
    LogicalPath="Config1.X20CP1382"
    Type="Cpu"
    LastWriteTime="132670498040000000" />
  <Object
    Path="D:\Studia\VI\Myjnia\Myjnia\Physical\Config1\X20CP1382\Cpu.sw"
    LogicalPath="Config1.X20CP1382.Cpu.sw"
    Type="File"
    LastWriteTime="132670236500000000"
    Private="false" />
  <Object
    Path="D:\Studia\VI\Myjnia\Myjnia\Physical\Config1\X20CP1382\Cpu.per"
    LogicalPath="Config1.X20CP1382.Cpu.per"
    Type="File"
    LastWriteTime="132660045060000000"
    Private="false" />
  <Object
    Path="D:\Studia\VI\Myjnia\Myjnia\Physical\Config1\X20CP1382\IoMap.iom"
    LogicalPath="Config1.X20CP1382.IoMap.iom"
    Type="File"
    LastWriteTime="132660045060000000"
    Private="false" />
  <Object
    Path="D:\Studia\VI\Myjnia\Myjnia\Physical\Config1\X20CP1382\PvMap.vvm"
    LogicalPath="Config1.X20CP1382.PvMap.vvm"
    Type="File"
    LastWriteTime="132660045060000000"
    Private="false" />
  <Object
    Path="D:\Studia\VI\Myjnia\Myjnia\Physical\Config1\X20CP1382\Connectivity\Package.pkg"
    LogicalPath="Config1.X20CP1382.Connectivity"
    Type="Package"
    LastWriteTime="132660045080000000" />
  <Object
    Path="D:\Studia\VI\Myjnia\Myjnia\Physical\Config1\X20CP1382\Connectivity\OpcUA\Package.pkg"
    LogicalPath="Config1.X20CP1382.Connectivity.OpcUA"
    Type="Package"
    LastWriteTime="132660045060000000" />
  <Object
    Path="D:\Studia\VI\Myjnia\Myjnia\Physical\Config1\X20CP1382\TextSystem\Package.pkg"
    LogicalPath="Config1.X20CP1382.TextSystem"
    Type="Package"
    LastWriteTime="132660045080000000" />
  <Object
    Path="D:\Studia\VI\Myjnia\Myjnia\Physical\Config1\X20CP1382\UnitSystem\Package.pkg"
    LogicalPath="Config1.X20CP1382.UnitSystem"
    Type="Package"
    LastWriteTime="132660045080000000" />
  <Object
    Path="D:\Studia\VI\Myjnia\Myjnia\Physical\Config1\X20CP1382\AccessAndSecurity\Package.pkg"
    LogicalPath="Config1.X20CP1382.AccessAndSecurity"
    Type="Package"
    LastWriteTime="132660045100000000" />
  <Object
    Path="D:\Studia\VI\Myjnia\Myjnia\Physical\Config1\X20CP1382\AccessAndSecurity\UserRoleSystem\Package.pkg"
    LogicalPath="Config1.X20CP1382.AccessAndSecurity.UserRoleSystem"
    Type="Package"
    LastWriteTime="132660045080000000" />
  <Object
    Path="D:\Studia\VI\Myjnia\Myjnia\Physical\Config1\X20CP1382\AccessAndSecurity\UserRoleSystem\Role.role"
    LogicalPath="Config1.X20CP1382.AccessAndSecurity.UserRoleSystem.Role.role"
    Type="File"
    LastWriteTime="132660045080000000"
    Private="false" />
  <Object
    Path="D:\Studia\VI\Myjnia\Myjnia\Physical\Config1\X20CP1382\AccessAndSecurity\UserRoleSystem\User.user"
    LogicalPath="Config1.X20CP1382.AccessAndSecurity.UserRoleSystem.User.user"
    Type="File"
    LastWriteTime="132660045080000000"
    Private="false" />
  <Object
    Path="D:\Studia\VI\Myjnia\Myjnia\Physical\Config1\X20CP1382\AccessAndSecurity\CertificateStore\Package.pkg"
    LogicalPath="Config1.X20CP1382.AccessAndSecurity.CertificateStore"
    Type="Package"
    LastWriteTime="132660045080000000" />
  <Object
    Path="D:\Studia\VI\Myjnia\Myjnia\Physical\Config1\X20CP1382\AccessAndSecurity\CertificateStore\OwnCertificates\Package.pkg"
    LogicalPath="Config1.X20CP1382.AccessAndSecurity.CertificateStore.OwnCertificates"
    Type="Package"
    LastWriteTime="132660045080000000" />
  <Object
    Path="D:\Studia\VI\Myjnia\Myjnia\Physical\Config1\X20CP1382\AccessAndSecurity\CertificateStore\OwnCertificates\Certificates\Package.pkg"
    LogicalPath="Config1.X20CP1382.AccessAndSecurity.CertificateStore.OwnCertificates.Certificates"
    Type="Package"
    LastWriteTime="132660045080000000" />
  <Object
    Path="D:\Studia\VI\Myjnia\Myjnia\Physical\Config1\X20CP1382\AccessAndSecurity\CertificateStore\OwnCertificates\PrivateKeys\Package.pkg"
    LogicalPath="Config1.X20CP1382.AccessAndSecurity.CertificateStore.OwnCertificates.PrivateKeys"
    Type="Package"
    LastWriteTime="132660045080000000" />
  <Object
    Path="D:\Studia\VI\Myjnia\Myjnia\Physical\Config1\X20CP1382\AccessAndSecurity\CertificateStore\ThirdPartyCertificates\Package.pkg"
    LogicalPath="Config1.X20CP1382.AccessAndSecurity.CertificateStore.ThirdPartyCertificates"
    Type="Package"
    LastWriteTime="132660045080000000" />
  <Object
    Path="D:\Studia\VI\Myjnia\Myjnia\Physical\Config1\X20CP1382\AccessAndSecurity\CertificateStore\ThirdPartyCertificates\SoftwareCertificates\Package.pkg"
    LogicalPath="Config1.X20CP1382.AccessAndSecurity.CertificateStore.ThirdPartyCertificates.SoftwareCertificates"
    Type="Package"
    LastWriteTime="132660045080000000" />
  <Object
    Path="D:\Studia\VI\Myjnia\Myjnia\Physical\Config1\X20CP1382\AccessAndSecurity\CertificateStore\CertificateRevocationLists\Package.pkg"
    LogicalPath="Config1.X20CP1382.AccessAndSecurity.CertificateStore.CertificateRevocationLists"
    Type="Package"
    LastWriteTime="132660045080000000" />
  <Object
    Path="D:\Studia\VI\Myjnia\Myjnia\Physical\Config1\X20CP1382\AccessAndSecurity\CertificateStore\CertificateSigningRequests\Package.pkg"
    LogicalPath="Config1.X20CP1382.AccessAndSecurity.CertificateStore.CertificateSigningRequests"
    Type="Package"
    LastWriteTime="132660045080000000" />
  <Object
    Path="D:\Studia\VI\Myjnia\Myjnia\Physical\Config1\X20CP1382\AccessAndSecurity\TransportLayerSecurity\Package.pkg"
    LogicalPath="Config1.X20CP1382.AccessAndSecurity.TransportLayerSecurity"
    Type="Package"
    LastWriteTime="132660045080000000" />
  <Object
    Path="D:\Studia\VI\Myjnia\Myjnia\Physical\Config1\X20CP1382\AccessAndSecurity\Firewall\Package.pkg"
    LogicalPath="Config1.X20CP1382.AccessAndSecurity.Firewall"
    Type="Package"
    LastWriteTime="132660045080000000" />
  <Object
    Path="D:\Studia\VI\Myjnia\Myjnia\Physical\Config1\X20CP1382\AccessAndSecurity\Firewall\Rules.firewallRules"
    LogicalPath="Config1.X20CP1382.AccessAndSecurity.Firewall.Rules.firewallRules"
    Type="File"
    LastWriteTime="132660045080000000"
    Private="false" />
  <Object
    Path="D:\Studia\VI\Myjnia\Myjnia\Physical\Config1\X20CP1382\mappControl\Package.pkg"
    LogicalPath="Config1.X20CP1382.mappControl"
    Type="Package"
    LastWriteTime="132660045100000000" />
  <Object
    Path="D:\Studia\VI\Myjnia\Myjnia\Physical\Config1\X20CP1382\mappMotion\Package.pkg"
    LogicalPath="Config1.X20CP1382.mappMotion"
    Type="Package"
    LastWriteTime="132660045100000000" />
  <Object
    Path="D:\Studia\VI\Myjnia\Myjnia\Physical\Config1\X20CP1382\mappServices\Package.pkg"
    LogicalPath="Config1.X20CP1382.mappServices"
    Type="Package"
    LastWriteTime="132660045100000000" />
  <Object
    Path="D:\Studia\VI\Myjnia\Myjnia\Physical\Config1\X20CP1382\mappSafety\Package.pkg"
    LogicalPath="Config1.X20CP1382.mappSafety"
    Type="Package"
    LastWriteTime="132660045100000000" />
  <Object
    Path="D:\Studia\VI\Myjnia\Myjnia\Physical\Config1\X20CP1382\mappSafety\SafeApplication\Package.pkg"
    LogicalPath="Config1.X20CP1382.mappSafety.SafeApplication"
    Type="Package"
    LastWriteTime="132660045100000000" />
  <Object
    Path="D:\Studia\VI\Myjnia\Myjnia\Physical\Config1\X20CP1382\mappSafety\SafeCommissioning\Package.pkg"
    LogicalPath="Config1.X20CP1382.mappSafety.SafeCommissioning"
    Type="Package"
    LastWriteTime="132660045100000000" />
  <Object
    Path="D:\Studia\VI\Myjnia\Myjnia\Physical\Config1\X20CP1382\mappView\Package.pkg"
    LogicalPath="Config1.X20CP1382.mappView"
    Type="Package"
    LastWriteTime="132670249420000000" />
  <Object
    Path="D:\Studia\VI\Myjnia\Myjnia\Physical\Config1\X20CP1382\mappVision\Package.pkg"
    LogicalPath="Config1.X20CP1382.mappVision"
    Type="Package"
    LastWriteTime="132660045100000000" />
  <Object
    Path="D:\Studia\VI\Myjnia\Myjnia\Physical\Config1\X20CP1382\mappCockpit\Package.pkg"
    LogicalPath="Config1.X20CP1382.mappCockpit"
    Type="Package"
    LastWriteTime="132660045100000000" />
  <Object
    Path="D:\Studia\VI\Myjnia\Myjnia\Physical\Config1\X20CP1382\VC\Package.pkg"
    LogicalPath="Config1.X20CP1382.VC"
    Type="Package"
    LastWriteTime="132670497060000000" />
  <Object
    Path="D:\Studia\VI\Myjnia\Myjnia\Physical\Config1\X20CP1382\VC\PS2-Keyboard.dis"
    LogicalPath="Config1.X20CP1382.VC.PS2-Keyboard.dis"
    Type="File"
    LastWriteTime="132670497060000000"
    Private="false" />
  <Object
    Path="D:\Studia\VI\Myjnia\Myjnia\Physical\Config1\Hardware.jpg"
    LogicalPath="Config1.Hardware.jpg"
    Type="File"
    LastWriteTime="132670220520000000"
    Private="false" />
</Objects>